     1 00000000                                 ; hello-os
     2 00000000                                 ; TAB=4
     3 00000000                                 
     4                                          		ORG		0x7c00			; このプログラムがどこに読み込まれるのか
     5 00007C00                                 
     6 00007C00                                 ; 以下は標準的なFAT12フォーマットフロッピーディスクのための記述
     7 00007C00                                 
     8 00007C00 EB 4E                           		JMP		entry
     9 00007C02 90                              		DB		0x90
    10 00007C03 48 45 4C 4C 4F 49 50 4C         		DB		"HELLOIPL"		; ブートセクタの名前を自由に書いてよい（8バイト）
    11 00007C0B 0200                            		DW		512				; 1セクタの大きさ（512にしなければいけない）
    12 00007C0D 01                              		DB		1				; クラスタの大きさ（1セクタにしなければいけない）
    13 00007C0E 0001                            		DW		1				; FATがどこから始まるか（普通は1セクタ目からにする）
    14 00007C10 02                              		DB		2				; FATの個数（2にしなければいけない）
    15 00007C11 00E0                            		DW		224				; ルートディレクトリ領域の大きさ（普通は224エントリにする）
    16 00007C13 0B40                            		DW		2880			; このドライブの大きさ（2880セクタにしなければいけない）
    17 00007C15 F0                              		DB		0xf0			; メディアのタイプ（0xf0にしなければいけない）
    18 00007C16 0009                            		DW		9				; FAT領域の長さ（9セクタにしなければいけない）
    19 00007C18 0012                            		DW		18				; 1トラックにいくつのセクタがあるか（18にしなければいけない）
    20 00007C1A 0002                            		DW		2				; ヘッドの数（2にしなければいけない）
    21 00007C1C 00000000                        		DD		0				; パーティションを使ってないのでここは必ず0
    22 00007C20 00000B40                        		DD		2880			; このドライブ大きさをもう一度書く
    23 00007C24 00 00 29                        		DB		0,0,0x29		; よくわからないけどこの値にしておくといいらしい
    24 00007C27 FFFFFFFF                        		DD		0xffffffff		; たぶんボリュームシリアル番号
    25 00007C2B 48 45 4C 4C 4F 2D 4F 53 20 20   		DB		"HELLO-OS   "	; ディスクの名前（11バイト）
       00007C35 20 
    26 00007C36 46 41 54 31 32 20 20 20         		DB		"FAT12   "		; フォーマットの名前（8バイト）
    27 00007C3E 00 00 00 00 00 00 00 00 00 00   		RESB	18				; とりあえず18バイトあけておく
       00007C48 00 00 00 00 00 00 00 00 
    28 00007C50                                 
    29 00007C50                                 ; プログラム本体
    30 00007C50                                 
    31 00007C50                                 entry:
    32 00007C50 B8 0000                         		MOV		AX,0			; レジスタ初期化
    33 00007C53 8E D0                           		MOV		SS,AX
    34 00007C55 BC 7C00                         		MOV		SP,0x7c00
    35 00007C58 8E D8                           		MOV		DS,AX
    36 00007C5A 8E C0                           		MOV		ES,AX
    37 00007C5C                                 
    38 00007C5C BE 7C74                         		MOV		SI,msg
    39 00007C5F                                 putloop:
    40 00007C5F 8A 04                           		MOV		AL,[SI]
    41 00007C61 83 C6 01                        		ADD		SI,1			; SIに1を足す
    42 00007C64 3C 00                           		CMP		AL,0
    43 00007C66 74 09                           		JE		fin
    44 00007C68 B4 0E                           		MOV		AH,0x0e			; 一文字表示ファンクション
    45 00007C6A BB 000F                         		MOV		BX,15			; カラーコード
    46 00007C6D CD 10                           		INT		0x10			; ビデオBIOS呼び出し
    47 00007C6F EB EE                           		JMP		putloop
    48 00007C71                                 fin:
    49 00007C71 F4                              		HLT						; 何かあるまでCPUを停止させる
    50 00007C72 EB FD                           		JMP		fin				; 無限ループ
    51 00007C74                                 
    52 00007C74                                 msg:
    53 00007C74 0A 0A                           		DB		0x0a, 0x0a		; 改行を2つ
    54 00007C76 68 65 6C 6C 6F 2C 20 77 6F 72   		DB		"hello, world"
       00007C80 6C 64 
    55 00007C82 0A                              		DB		0x0a			; 改行
    56 00007C83 00                              		DB		0
    57 00007C84                                 
    58 00007C84 00 00 00 00 00 00 00 00 00 00   		RESB	0x7dfe-$		; 0x7dfeまでを0x00で埋める命令
       00007C8E 00 00 00 00 00 00 00 00 00 00 
       00007C98 00 00 00 00 00 00 00 00 00 00 
       00007CA2 00 00 00 00 00 00 00 00 00 00 
       00007CAC 00 00 00 00 00 00 00 00 00 00 
       00007CB6 00 00 00 00 00 00 00 00 00 00 
       00007CC0 00 00 00 00 00 00 00 00 00 00 
       00007CCA 00 00 00 00 00 00 00 00 00 00 
       00007CD4 00 00 00 00 00 00 00 00 00 00 
       00007CDE 00 00 00 00 00 00 00 00 00 00 
       00007CE8 00 00 00 00 00 00 00 00 00 00 
       00007CF2 00 00 00 00 00 00 00 00 00 00 
       00007CFC 00 00 00 00 00 00 00 00 00 00 
       00007D06 00 00 00 00 00 00 00 00 00 00 
       00007D10 00 00 00 00 00 00 00 00 00 00 
       00007D1A 00 00 00 00 00 00 00 00 00 00 
       00007D24 00 00 00 00 00 00 00 00 00 00 
       00007D2E 00 00 00 00 00 00 00 00 00 00 
       00007D38 00 00 00 00 00 00 00 00 00 00 
       00007D42 00 00 00 00 00 00 00 00 00 00 
       00007D4C 00 00 00 00 00 00 00 00 00 00 
       00007D56 00 00 00 00 00 00 00 00 00 00 
       00007D60 00 00 00 00 00 00 00 00 00 00 
       00007D6A 00 00 00 00 00 00 00 00 00 00 
       00007D74 00 00 00 00 00 00 00 00 00 00 
       00007D7E 00 00 00 00 00 00 00 00 00 00 
       00007D88 00 00 00 00 00 00 00 00 00 00 
       00007D92 00 00 00 00 00 00 00 00 00 00 
       00007D9C 00 00 00 00 00 00 00 00 00 00 
       00007DA6 00 00 00 00 00 00 00 00 00 00 
       00007DB0 00 00 00 00 00 00 00 00 00 00 
       00007DBA 00 00 00 00 00 00 00 00 00 00 
       00007DC4 00 00 00 00 00 00 00 00 00 00 
       00007DCE 00 00 00 00 00 00 00 00 00 00 
       00007DD8 00 00 00 00 00 00 00 00 00 00 
       00007DE2 00 00 00 00 00 00 00 00 00 00 
       00007DEC 00 00 00 00 00 00 00 00 00 00 
       00007DF6 00 00 00 00 00 00 00 00 
    59 00007DFE                                 
    60 00007DFE 55 AA                           		DB		0x55, 0xaa
    61 00007E00                                 
    62 00007E00                                 ; 以下はブートセクタ以外の部分の記述
    63 00007E00                                 
    64 00007E00 F0 FF FF 00 00 00 00 00         		DB		0xf0, 0xff, 0xff, 0x00, 0x00, 0x00, 0x00, 0x00
    65 00007E08 00 00 00 00 00 00 00 00 00 00   		RESB	4600
       00007E12 00 00 00 00 00 00 00 00 00 00 
       00007E1C 00 00 00 00 00 00 00 00 00 00 
       00007E26 00 00 00 00 00 00 00 00 00 00 
       00007E30 00 00 00 00 00 00 00 00 00 00 
       00007E3A 00 00 00 00 00 00 00 00 00 00 
       00007E44 00 00 00 00 00 00 00 00 00 00 
       00007E4E 00 00 00 00 00 00 00 00 00 00 
       00007E58 00 00 00 00 00 00 00 00 00 00 
       00007E62 00 00 00 00 00 00 00 00 00 00 
       00007E6C 00 00 00 00 00 00 00 00 00 00 
       00007E76 00 00 00 00 00 00 00 00 00 00 
       00007E80 00 00 00 00 00 00 00 00 00 00 
       00007E8A 00 00 00 00 00 00 00 00 00 00 
       00007E94 00 00 00 00 00 00 00 00 00 00 
       00007E9E 00 00 00 00 00 00 00 00 00 00 
       00007EA8 00 00 00 00 00 00 00 00 00 00 
       00007EB2 00 00 00 00 00 00 00 00 00 00 
       00007EBC 00 00 00 00 00 00 00 00 00 00 
       00007EC6 00 00 00 00 00 00 00 00 00 00 
       00007ED0 00 00 00 00 00 00 00 00 00 00 
       00007EDA 00 00 00 00 00 00 00 00 00 00 
       00007EE4 00 00 00 00 00 00 00 00 00 00 
       00007EEE 00 00 00 00 00 00 00 00 00 00 
       00007EF8 00 00 00 00 00 00 00 00 00 00 
       00007F02 00 00 00 00 00 00 00 00 00 00 
       00007F0C 00 00 00 00 00 00 00 00 00 00 
       00007F16 00 00 00 00 00 00 00 00 00 00 
       00007F20 00 00 00 00 00 00 00 00 00 00 
       00007F2A 00 00 00 00 00 00 00 00 00 00 
       00007F34 00 00 00 00 00 00 00 00 00 00 
       00007F3E 00 00 00 00 00 00 00 00 00 00 
       00007F48 00 00 00 00 00 00 00 00 00 00 
       00007F52 00 00 00 00 00 00 00 00 00 00 
       00007F5C 00 00 00 00 00 00 00 00 00 00 
       00007F66 00 00 00 00 00 00 00 00 00 00 
       00007F70 00 00 00 00 00 00 00 00 00 00 
       00007F7A 00 00 00 00 00 00 00 00 00 00 
       00007F84 00 00 00 00 00 00 00 00 00 00 
       00007F8E 00 00 00 00 00 00 00 00 00 00 
       00007F98 00 00 00 00 00 00 00 00 00 00 
       00007FA2 00 00 00 00 00 00 00 00 00 00 
       00007FAC 00 00 00 00 00 00 00 00 00 00 
       00007FB6 00 00 00 00 00 00 00 00 00 00 
       00007FC0 00 00 00 00 00 00 00 00 00 00 
       00007FCA 00 00 00 00 00 00 00 00 00 00 
       00007FD4 00 00 00 00 00 00 00 00 00 00 
       00007FDE 00 00 00 00 00 00 00 00 00 00 
       00007FE8 00 00 00 00 00 00 00 00 00 00 
       00007FF2 00 00 00 00 00 00 00 00 00 00 
       00007FFC 00 00 00 00 00 00 00 00 00 00 
       00008006 00 00 00 00 00 00 00 00 00 00 
       00008010 00 00 00 00 00 00 00 00 00 00 
       0000801A 00 00 00 00 00 00 00 00 00 00 
       00008024 00 00 00 00 00 00 00 00 00 00 
       0000802E 00 00 00 00 00 00 00 00 00 00 
       00008038 00 00 00 00 00 00 00 00 00 00 
       00008042 00 00 00 00 00 00 00 00 00 00 
       0000804C 00 00 00 00 00 00 00 00 00 00 
       00008056 00 00 00 00 00 00 00 00 00 00 
       00008060 00 00 00 00 00 00 00 00 00 00 
       0000806A 00 00 00 00 00 00 00 00 00 00 
       00008074 00 00 00 00 00 00 00 00 00 00 
       0000807E 00 00 00 00 00 00 00 00 00 00 
       00008088 00 00 00 00 00 00 00 00 00 00 
       00008092 00 00 00 00 00 00 00 00 00 00 
       0000809C 00 00 00 00 00 00 00 00 00 00 
       000080A6 00 00 00 00 00 00 00 00 00 00 
       000080B0 00 00 00 00 00 00 00 00 00 00 
       000080BA 00 00 00 00 00 00 00 00 00 00 
       000080C4 00 00 00 00 00 00 00 00 00 00 
       000080CE 00 00 00 00 00 00 00 00 00 00 
       000080D8 00 00 00 00 00 00 00 00 00 00 
       000080E2 00 00 00 00 00 00 00 00 00 00 
       000080EC 00 00 00 00 00 00 00 00 00 00 
       000080F6 00 00 00 00 00 00 00 00 00 00 
       00008100 00 00 00 00 00 00 00 00 00 00 
       0000810A 00 00 00 00 00 00 00 00 00 00 
       00008114 00 00 00 00 00 00 00 00 00 00 
       0000811E 00 00 00 00 00 00 00 00 00 00 
       00008128 00 00 00 00 00 00 00 00 00 00 
       00008132 00 00 00 00 00 00 00 00 00 00 
       0000813C 00 00 00 00 00 00 00 00 00 00 
       00008146 00 00 00 00 00 00 00 00 00 00 
       00008150 00 00 00 00 00 00 00 00 00 00 
       0000815A 00 00 00 00 00 00 00 00 00 00 
       00008164 00 00 00 00 00 00 00 00 00 00 
       0000816E 00 00 00 00 00 00 00 00 00 00 
       00008178 00 00 00 00 00 00 00 00 00 00 
       00008182 00 00 00 00 00 00 00 00 00 00 
       0000818C 00 00 00 00 00 00 00 00 00 00 
       00008196 00 00 00 00 00 00 00 00 00 00 
       000081A0 00 00 00 00 00 00 00 00 00 00 
       000081AA 00 00 00 00 00 00 00 00 00 00 
       000081B4 00 00 00 00 00 00 00 00 00 00 
       000081BE 00 00 00 00 00 00 00 00 00 00 
       000081C8 00 00 00 00 00 00 00 00 00 00 
       000081D2 00 00 00 00 00 00 00 00 00 00 
       000081DC 00 00 00 00 00 00 00 00 00 00 
       000081E6 00 00 00 00 00 00 00 00 00 00 
       000081F0 00 00 00 00 00 00 00 00 00 00 
       000081FA 00 00 00 00 00 00 00 00 00 00 
       00008204 00 00 00 00 00 00 00 00 00 00 
       0000820E 00 00 00 00 00 00 00 00 00 00 
       00008218 00 00 00 00 00 00 00 00 00 00 
       00008222 00 00 00 00 00 00 00 00 00 00 
       0000822C 00 00 00 00 00 00 00 00 00 00 
       00008236 00 00 00 00 00 00 00 00 00 00 
       00008240 00 00 00 00 00 00 00 00 00 00 
       0000824A 00 00 00 00 00 00 00 00 00 00 
       00008254 00 00 00 00 00 00 00 00 00 00 
       0000825E 00 00 00 00 00 00 00 00 00 00 
       00008268 00 00 00 00 00 00 00 00 00 00 
       00008272 00 00 00 00 00 00 00 00 00 00 
       0000827C 00 00 00 00 00 00 00 00 00 00 
       00008286 00 00 00 00 00 00 00 00 00 00 
       00008290 00 00 00 00 00 00 00 00 00 00 
       0000829A 00 00 00 00 00 00 00 00 00 00 
       000082A4 00 00 00 00 00 00 00 00 00 00 
       000082AE 00 00 00 00 00 00 00 00 00 00 
       000082B8 00 00 00 00 00 00 00 00 00 00 
       000082C2 00 00 00 00 00 00 00 00 00 00 
       000082CC 00 00 00 00 00 00 00 00 00 00 
       000082D6 00 00 00 00 00 00 00 00 00 00 
       000082E0 00 00 00 00 00 00 00 00 00 00 
       000082EA 00 00 00 00 00 00 00 00 00 00 
       000082F4 00 00 00 00 00 00 00 00 00 00 
       000082FE 00 00 00 00 00 00 00 00 00 00 
       00008308 00 00 00 00 00 00 00 00 00 00 
       00008312 00 00 00 00 00 00 00 00 00 00 
       0000831C 00 00 00 00 00 00 00 00 00 00 
       00008326 00 00 00 00 00 00 00 00 00 00 
       00008330 00 00 00 00 00 00 00 00 00 00 
       0000833A 00 00 00 00 00 00 00 00 00 00 
       00008344 00 00 00 00 00 00 00 00 00 00 
       0000834E 00 00 00 00 00 00 00 00 00 00 
       00008358 00 00 00 00 00 00 00 00 00 00 
       00008362 00 00 00 00 00 00 00 00 00 00 
       0000836C 00 00 00 00 00 00 00 00 00 00 
       00008376 00 00 00 00 00 00 00 00 00 00 
       00008380 00 00 00 00 00 00 00 00 00 00 
       0000838A 00 00 00 00 00 00 00 00 00 00 
       00008394 00 00 00 00 00 00 00 00 00 00 
       0000839E 00 00 00 00 00 00 00 00 00 00 
       000083A8 00 00 00 00 00 00 00 00 00 00 
       000083B2 00 00 00 00 00 00 00 00 00 00 
       000083BC 00 00 00 00 00 00 00 00 00 00 
       000083C6 00 00 00 00 00 00 00 00 00 00 
       000083D0 00 00 00 00 00 00 00 00 00 00 
       000083DA 00 00 00 00 00 00 00 00 00 00 
       000083E4 00 00 00 00 00 00 00 00 00 00 
       000083EE 00 00 00 00 00 00 00 00 00 00 
       000083F8 00 00 00 00 00 00 00 00 00 00 
       00008402 00 00 00 00 00 00 00 00 00 00 
       0000840C 00 00 00 00 00 00 00 00 00 00 
       00008416 00 00 00 00 00 00 00 00 00 00 
       00008420 00 00 00 00 00 00 00 00 00 00 
       0000842A 00 00 00 00 00 00 00 00 00 00 
       00008434 00 00 00 00 00 00 00 00 00 00 
       0000843E 00 00 00 00 00 00 00 00 00 00 
       00008448 00 00 00 00 00 00 00 00 00 00 
       00008452 00 00 00 00 00 00 00 00 00 00 
       0000845C 00 00 00 00 00 00 00 00 00 00 
       00008466 00 00 00 00 00 00 00 00 00 00 
       00008470 00 00 00 00 00 00 00 00 00 00 
       0000847A 00 00 00 00 00 00 00 00 00 00 
       00008484 00 00 00 00 00 00 00 00 00 00 
       0000848E 00 00 00 00 00 00 00 00 00 00 
       00008498 00 00 00 00 00 00 00 00 00 00 
       000084A2 00 00 00 00 00 00 00 00 00 00 
       000084AC 00 00 00 00 00 00 00 00 00 00 
       000084B6 00 00 00 00 00 00 00 00 00 00 
       000084C0 00 00 00 00 00 00 00 00 00 00 
       000084CA 00 00 00 00 00 00 00 00 00 00 
       000084D4 00 00 00 00 00 00 00 00 00 00 
       000084DE 00 00 00 00 00 00 00 00 00 00 
       000084E8 00 00 00 00 00 00 00 00 00 00 
       000084F2 00 00 00 00 00 00 00 00 00 00 
       000084FC 00 00 00 00 00 00 00 00 00 00 
       00008506 00 00 00 00 00 00 00 00 00 00 
       00008510 00 00 00 00 00 00 00 00 00 00 
       0000851A 00 00 00 00 00 00 00 00 00 00 
       00008524 00 00 00 00 00 00 00 00 00 00 
       0000852E 00 00 00 00 00 00 00 00 00 00 
       00008538 00 00 00 00 00 00 00 00 00 00 
       00008542 00 00 00 00 00 00 00 00 00 00 
       0000854C 00 00 00 00 00 00 00 00 00 00 
       00008556 00 00 00 00 00 00 00 00 00 00 
       00008560 00 00 00 00 00 00 00 00 00 00 
       0000856A 00 00 00 00 00 00 00 00 00 00 
       00008574 00 00 00 00 00 00 00 00 00 00 
       0000857E 00 00 00 00 00 00 00 00 00 00 
       00008588 00 00 00 00 00 00 00 00 00 00 
       00008592 00 00 00 00 00 00 00 00 00 00 
       0000859C 00 00 00 00 00 00 00 00 00 00 
       000085A6 00 00 00 00 00 00 00 00 00 00 
       000085B0 00 00 00 00 00 00 00 00 00 00 
       000085BA 00 00 00 00 00 00 00 00 00 00 
       000085C4 00 00 00 00 00 00 00 00 00 00 
       000085CE 00 00 00 00 00 00 00 00 00 00 
       000085D8 00 00 00 00 00 00 00 00 00 00 
       000085E2 00 00 00 00 00 00 00 00 00 00 
       000085EC 00 00 00 00 00 00 00 00 00 00 
       000085F6 00 00 00 00 00 00 00 00 00 00 
       00008600 00 00 00 00 00 00 00 00 00 00 
       0000860A 00 00 00 00 00 00 00 00 00 00 
       00008614 00 00 00 00 00 00 00 00 00 00 
       0000861E 00 00 00 00 00 00 00 00 00 00 
       00008628 00 00 00 00 00 00 00 00 00 00 
       00008632 00 00 00 00 00 00 00 00 00 00 
       0000863C 00 00 00 00 00 00 00 00 00 00 
       00008646 00 00 00 00 00 00 00 00 00 00 
       00008650 00 00 00 00 00 00 00 00 00 00 
       0000865A 00 00 00 00 00 00 00 00 00 00 
       00008664 00 00 00 00 00 00 00 00 00 00 
       0000866E 00 00 00 00 00 00 00 00 00 00 
       00008678 00 00 00 00 00 00 00 00 00 00 
       00008682 00 00 00 00 00 00 00 00 00 00 
       0000868C 00 00 00 00 00 00 00 00 00 00 
       00008696 00 00 00 00 00 00 00 00 00 00 
       000086A0 00 00 00 00 00 00 00 00 00 00 
       000086AA 00 00 00 00 00 00 00 00 00 00 
       000086B4 00 00 00 00 00 00 00 00 00 00 
       000086BE 00 00 00 00 00 00 00 00 00 00 
       000086C8 00 00 00 00 00 00 00 00 00 00 
       000086D2 00 00 00 00 00 00 00 00 00 00 
       000086DC 00 00 00 00 00 00 00 00 00 00 
       000086E6 00 00 00 00 00 00 00 00 00 00 
       000086F0 00 00 00 00 00 00 00 00 00 00 
       000086FA 00 00 00 00 00 00 00 00 00 00 
       00008704 00 00 00 00 00 00 00 00 00 00 
       0000870E 00 00 00 00 00 00 00 00 00 00 
       00008718 00 00 00 00 00 00 00 00 00 00 
       00008722 00 00 00 00 00 00 00 00 00 00 
       0000872C 00 00 00 00 00 00 00 00 00 00 
       00008736 00 00 00 00 00 00 00 00 00 00 
       00008740 00 00 00 00 00 00 00 00 00 00 
       0000874A 00 00 00 00 00 00 00 00 00 00 
       00008754 00 00 00 00 00 00 00 00 00 00 
       0000875E 00 00 00 00 00 00 00 00 00 00 
       00008768 00 00 00 00 00 00 00 00 00 00 
       00008772 00 00 00 00 00 00 00 00 00 00 
       0000877C 00 00 00 00 00 00 00 00 00 00 
       00008786 00 00 00 00 00 00 00 00 00 00 
       00008790 00 00 00 00 00 00 00 00 00 00 
       0000879A 00 00 00 00 00 00 00 00 00 00 
       000087A4 00 00 00 00 00 00 00 00 00 00 
       000087AE 00 00 00 00 00 00 00 00 00 00 
       000087B8 00 00 00 00 00 00 00 00 00 00 
       000087C2 00 00 00 00 00 00 00 00 00 00 
       000087CC 00 00 00 00 00 00 00 00 00 00 
       000087D6 00 00 00 00 00 00 00 00 00 00 
       000087E0 00 00 00 00 00 00 00 00 00 00 
       000087EA 00 00 00 00 00 00 00 00 00 00 
       000087F4 00 00 00 00 00 00 00 00 00 00 
       000087FE 00 00 00 00 00 00 00 00 00 00 
       00008808 00 00 00 00 00 00 00 00 00 00 
       00008812 00 00 00 00 00 00 00 00 00 00 
       0000881C 00 00 00 00 00 00 00 00 00 00 
       00008826 00 00 00 00 00 00 00 00 00 00 
       00008830 00 00 00 00 00 00 00 00 00 00 
       0000883A 00 00 00 00 00 00 00 00 00 00 
       00008844 00 00 00 00 00 00 00 00 00 00 
       0000884E 00 00 00 00 00 00 00 00 00 00 
       00008858 00 00 00 00 00 00 00 00 00 00 
       00008862 00 00 00 00 00 00 00 00 00 00 
       0000886C 00 00 00 00 00 00 00 00 00 00 
       00008876 00 00 00 00 00 00 00 00 00 00 
       00008880 00 00 00 00 00 00 00 00 00 00 
       0000888A 00 00 00 00 00 00 00 00 00 00 
       00008894 00 00 00 00 00 00 00 00 00 00 
       0000889E 00 00 00 00 00 00 00 00 00 00 
       000088A8 00 00 00 00 00 00 00 00 00 00 
       000088B2 00 00 00 00 00 00 00 00 00 00 
       000088BC 00 00 00 00 00 00 00 00 00 00 
       000088C6 00 00 00 00 00 00 00 00 00 00 
       000088D0 00 00 00 00 00 00 00 00 00 00 
       000088DA 00 00 00 00 00 00 00 00 00 00 
       000088E4 00 00 00 00 00 00 00 00 00 00 
       000088EE 00 00 00 00 00 00 00 00 00 00 
       000088F8 00 00 00 00 00 00 00 00 00 00 
       00008902 00 00 00 00 00 00 00 00 00 00 
       0000890C 00 00 00 00 00 00 00 00 00 00 
       00008916 00 00 00 00 00 00 00 00 00 00 
       00008920 00 00 00 00 00 00 00 00 00 00 
       0000892A 00 00 00 00 00 00 00 00 00 00 
       00008934 00 00 00 00 00 00 00 00 00 00 
       0000893E 00 00 00 00 00 00 00 00 00 00 
       00008948 00 00 00 00 00 00 00 00 00 00 
       00008952 00 00 00 00 00 00 00 00 00 00 
       0000895C 00 00 00 00 00 00 00 00 00 00 
       00008966 00 00 00 00 00 00 00 00 00 00 
       00008970 00 00 00 00 00 00 00 00 00 00 
       0000897A 00 00 00 00 00 00 00 00 00 00 
       00008984 00 00 00 00 00 00 00 00 00 00 
       0000898E 00 00 00 00 00 00 00 00 00 00 
       00008998 00 00 00 00 00 00 00 00 00 00 
       000089A2 00 00 00 00 00 00 00 00 00 00 
       000089AC 00 00 00 00 00 00 00 00 00 00 
       000089B6 00 00 00 00 00 00 00 00 00 00 
       000089C0 00 00 00 00 00 00 00 00 00 00 
       000089CA 00 00 00 00 00 00 00 00 00 00 
       000089D4 00 00 00 00 00 00 00 00 00 00 
       000089DE 00 00 00 00 00 00 00 00 00 00 
       000089E8 00 00 00 00 00 00 00 00 00 00 
       000089F2 00 00 00 00 00 00 00 00 00 00 
       000089FC 00 00 00 00 00 00 00 00 00 00 
       00008A06 00 00 00 00 00 00 00 00 00 00 
       00008A10 00 00 00 00 00 00 00 00 00 00 
       00008A1A 00 00 00 00 00 00 00 00 00 00 
       00008A24 00 00 00 00 00 00 00 00 00 00 
       00008A2E 00 00 00 00 00 00 00 00 00 00 
       00008A38 00 00 00 00 00 00 00 00 00 00 
       00008A42 00 00 00 00 00 00 00 00 00 00 
       00008A4C 00 00 00 00 00 00 00 00 00 00 
       00008A56 00 00 00 00 00 00 00 00 00 00 
       00008A60 00 00 00 00 00 00 00 00 00 00 
       00008A6A 00 00 00 00 00 00 00 00 00 00 
       00008A74 00 00 00 00 00 00 00 00 00 00 
       00008A7E 00 00 00 00 00 00 00 00 00 00 
       00008A88 00 00 00 00 00 00 00 00 00 00 
       00008A92 00 00 00 00 00 00 00 00 00 00 
       00008A9C 00 00 00 00 00 00 00 00 00 00 
       00008AA6 00 00 00 00 00 00 00 00 00 00 
       00008AB0 00 00 00 00 00 00 00 00 00 00 
       00008ABA 00 00 00 00 00 00 00 00 00 00 
       00008AC4 00 00 00 00 00 00 00 00 00 00 
       00008ACE 00 00 00 00 00 00 00 00 00 00 
       00008AD8 00 00 00 00 00 00 00 00 00 00 
       00008AE2 00 00 00 00 00 00 00 00 00 00 
       00008AEC 00 00 00 00 00 00 00 00 00 00 
       00008AF6 00 00 00 00 00 00 00 00 00 00 
       00008B00 00 00 00 00 00 00 00 00 00 00 
       00008B0A 00 00 00 00 00 00 00 00 00 00 
       00008B14 00 00 00 00 00 00 00 00 00 00 
       00008B1E 00 00 00 00 00 00 00 00 00 00 
       00008B28 00 00 00 00 00 00 00 00 00 00 
       00008B32 00 00 00 00 00 00 00 00 00 00 
       00008B3C 00 00 00 00 00 00 00 00 00 00 
       00008B46 00 00 00 00 00 00 00 00 00 00 
       00008B50 00 00 00 00 00 00 00 00 00 00 
       00008B5A 00 00 00 00 00 00 00 00 00 00 
       00008B64 00 00 00 00 00 00 00 00 00 00 
       00008B6E 00 00 00 00 00 00 00 00 00 00 
       00008B78 00 00 00 00 00 00 00 00 00 00 
       00008B82 00 00 00 00 00 00 00 00 00 00 
       00008B8C 00 00 00 00 00 00 00 00 00 00 
       00008B96 00 00 00 00 00 00 00 00 00 00 
       00008BA0 00 00 00 00 00 00 00 00 00 00 
       00008BAA 00 00 00 00 00 00 00 00 00 00 
       00008BB4 00 00 00 00 00 00 00 00 00 00 
       00008BBE 00 00 00 00 00 00 00 00 00 00 
       00008BC8 00 00 00 00 00 00 00 00 00 00 
       00008BD2 00 00 00 00 00 00 00 00 00 00 
       00008BDC 00 00 00 00 00 00 00 00 00 00 
       00008BE6 00 00 00 00 00 00 00 00 00 00 
       00008BF0 00 00 00 00 00 00 00 00 00 00 
       00008BFA 00 00 00 00 00 00 00 00 00 00 
       00008C04 00 00 00 00 00 00 00 00 00 00 
       00008C0E 00 00 00 00 00 00 00 00 00 00 
       00008C18 00 00 00 00 00 00 00 00 00 00 
       00008C22 00 00 00 00 00 00 00 00 00 00 
       00008C2C 00 00 00 00 00 00 00 00 00 00 
       00008C36 00 00 00 00 00 00 00 00 00 00 
       00008C40 00 00 00 00 00 00 00 00 00 00 
       00008C4A 00 00 00 00 00 00 00 00 00 00 
       00008C54 00 00 00 00 00 00 00 00 00 00 
       00008C5E 00 00 00 00 00 00 00 00 00 00 
       00008C68 00 00 00 00 00 00 00 00 00 00 
       00008C72 00 00 00 00 00 00 00 00 00 00 
       00008C7C 00 00 00 00 00 00 00 00 00 00 
       00008C86 00 00 00 00 00 00 00 00 00 00 
       00008C90 00 00 00 00 00 00 00 00 00 00 
       00008C9A 00 00 00 00 00 00 00 00 00 00 
       00008CA4 00 00 00 00 00 00 00 00 00 00 
       00008CAE 00 00 00 00 00 00 00 00 00 00 
       00008CB8 00 00 00 00 00 00 00 00 00 00 
       00008CC2 00 00 00 00 00 00 00 00 00 00 
       00008CCC 00 00 00 00 00 00 00 00 00 00 
       00008CD6 00 00 00 00 00 00 00 00 00 00 
       00008CE0 00 00 00 00 00 00 00 00 00 00 
       00008CEA 00 00 00 00 00 00 00 00 00 00 
       00008CF4 00 00 00 00 00 00 00 00 00 00 
       00008CFE 00 00 00 00 00 00 00 00 00 00 
       00008D08 00 00 00 00 00 00 00 00 00 00 
       00008D12 00 00 00 00 00 00 00 00 00 00 
       00008D1C 00 00 00 00 00 00 00 00 00 00 
       00008D26 00 00 00 00 00 00 00 00 00 00 
       00008D30 00 00 00 00 00 00 00 00 00 00 
       00008D3A 00 00 00 00 00 00 00 00 00 00 
       00008D44 00 00 00 00 00 00 00 00 00 00 
       00008D4E 00 00 00 00 00 00 00 00 00 00 
       00008D58 00 00 00 00 00 00 00 00 00 00 
       00008D62 00 00 00 00 00 00 00 00 00 00 
       00008D6C 00 00 00 00 00 00 00 00 00 00 
       00008D76 00 00 00 00 00 00 00 00 00 00 
       00008D80 00 00 00 00 00 00 00 00 00 00 
       00008D8A 00 00 00 00 00 00 00 00 00 00 
       00008D94 00 00 00 00 00 00 00 00 00 00 
       00008D9E 00 00 00 00 00 00 00 00 00 00 
       00008DA8 00 00 00 00 00 00 00 00 00 00 
       00008DB2 00 00 00 00 00 00 00 00 00 00 
       00008DBC 00 00 00 00 00 00 00 00 00 00 
       00008DC6 00 00 00 00 00 00 00 00 00 00 
       00008DD0 00 00 00 00 00 00 00 00 00 00 
       00008DDA 00 00 00 00 00 00 00 00 00 00 
       00008DE4 00 00 00 00 00 00 00 00 00 00 
       00008DEE 00 00 00 00 00 00 00 00 00 00 
       00008DF8 00 00 00 00 00 00 00 00 00 00 
       00008E02 00 00 00 00 00 00 00 00 00 00 
       00008E0C 00 00 00 00 00 00 00 00 00 00 
       00008E16 00 00 00 00 00 00 00 00 00 00 
       00008E20 00 00 00 00 00 00 00 00 00 00 
       00008E2A 00 00 00 00 00 00 00 00 00 00 
       00008E34 00 00 00 00 00 00 00 00 00 00 
       00008E3E 00 00 00 00 00 00 00 00 00 00 
       00008E48 00 00 00 00 00 00 00 00 00 00 
       00008E52 00 00 00 00 00 00 00 00 00 00 
       00008E5C 00 00 00 00 00 00 00 00 00 00 
       00008E66 00 00 00 00 00 00 00 00 00 00 
       00008E70 00 00 00 00 00 00 00 00 00 00 
       00008E7A 00 00 00 00 00 00 00 00 00 00 
       00008E84 00 00 00 00 00 00 00 00 00 00 
       00008E8E 00 00 00 00 00 00 00 00 00 00 
       00008E98 00 00 00 00 00 00 00 00 00 00 
       00008EA2 00 00 00 00 00 00 00 00 00 00 
       00008EAC 00 00 00 00 00 00 00 00 00 00 
       00008EB6 00 00 00 00 00 00 00 00 00 00 
       00008EC0 00 00 00 00 00 00 00 00 00 00 
       00008ECA 00 00 00 00 00 00 00 00 00 00 
       00008ED4 00 00 00 00 00 00 00 00 00 00 
       00008EDE 00 00 00 00 00 00 00 00 00 00 
       00008EE8 00 00 00 00 00 00 00 00 00 00 
       00008EF2 00 00 00 00 00 00 00 00 00 00 
       00008EFC 00 00 00 00 00 00 00 00 00 00 
       00008F06 00 00 00 00 00 00 00 00 00 00 
       00008F10 00 00 00 00 00 00 00 00 00 00 
       00008F1A 00 00 00 00 00 00 00 00 00 00 
       00008F24 00 00 00 00 00 00 00 00 00 00 
       00008F2E 00 00 00 00 00 00 00 00 00 00 
       00008F38 00 00 00 00 00 00 00 00 00 00 
       00008F42 00 00 00 00 00 00 00 00 00 00 
       00008F4C 00 00 00 00 00 00 00 00 00 00 
       00008F56 00 00 00 00 00 00 00 00 00 00 
       00008F60 00 00 00 00 00 00 00 00 00 00 
       00008F6A 00 00 00 00 00 00 00 00 00 00 
       00008F74 00 00 00 00 00 00 00 00 00 00 
       00008F7E 00 00 00 00 00 00 00 00 00 00 
       00008F88 00 00 00 00 00 00 00 00 00 00 
       00008F92 00 00 00 00 00 00 00 00 00 00 
       00008F9C 00 00 00 00 00 00 00 00 00 00 
       00008FA6 00 00 00 00 00 00 00 00 00 00 
       00008FB0 00 00 00 00 00 00 00 00 00 00 
       00008FBA 00 00 00 00 00 00 00 00 00 00 
       00008FC4 00 00 00 00 00 00 00 00 00 00 
       00008FCE 00 00 00 00 00 00 00 00 00 00 
       00008FD8 00 00 00 00 00 00 00 00 00 00 
       00008FE2 00 00 00 00 00 00 00 00 00 00 
       00008FEC 00 00 00 00 00 00 00 00 00 00 
       00008FF6 00 00 00 00 00 00 00 00 00 00 
    66 00009000 F0 FF FF 00 00 00 00 00         		DB		0xf0, 0xff, 0xff, 0x00, 0x00, 0x00, 0x00, 0x00
    67 00009008                                 ;		RESB	1469432
